<?xml version="1.0" encoding="UTF-8"?>
<!-- Generated by org.testng.reporters.JUnitXMLReporter -->
<testsuite hostname="DESKTOP-V4GQ2UC" ignored="0" name="Default test" tests="9" failures="0" timestamp="14 Jun 2019 03:09:27 GMT" time="73.4" errors="0">
  <testcase name="FormFill" time="6.228" classname="module9.TestCase.DDT"/>
  <testcase name="FormFill" time="5.954" classname="module9.TestCase.DDT"/>
  <testcase name="FormFill" time="5.939" classname="module9.TestCase.DDT"/>
  <testcase name="FormFill" time="5.794" classname="module9.TestCase.DDT"/>
  <testcase name="FormFill" time="5.734" classname="module9.TestCase.DDT"/>
  <testcase name="FormFill" time="5.865" classname="module9.TestCase.DDT"/>
  <testcase name="FormFill" time="5.715" classname="module9.TestCase.DDT"/>
  <testcase name="FormFill" time="5.814" classname="module9.TestCase.DDT"/>
  <testcase name="FormFill" time="5.783" classname="module9.TestCase.DDT"/>
</testsuite> <!-- Default test -->
