<?xml version="1.0" encoding="UTF-8"?>
<!-- Generated by org.testng.reporters.JUnitXMLReporter -->
<testsuite hostname="DESKTOP-V4GQ2UC" ignored="2" name="Default test" tests="5" failures="0" timestamp="11 Jun 2019 03:29:24 GMT" time="12.849" errors="0">
  <testcase name="OpenBrowser" time="5.354" classname="module6.DisableEnable"/>
  <testcase name="OpenAUT" time="2.578" classname="module6.DisableEnable"/>
  <testcase name="TestRegisterLink" time="1.759" classname="module6.DisableEnable"/>
  <testcase name="TestSupportLink" time="1.33" classname="module6.DisableEnable"/>
  <testcase name="CloseBrowser" time="1.736" classname="module6.DisableEnable"/>
  <testcase name="Login" time="0.0" classname="module6.DisableEnable">
    <ignored/>
  </testcase> <!-- Login -->
  <testcase name="Logout" time="0.0" classname="module6.DisableEnable">
    <ignored/>
  </testcase> <!-- Logout -->
</testsuite> <!-- Default test -->
