<?xml version="1.0" encoding="UTF-8"?>
<!-- Generated by org.testng.reporters.JUnitXMLReporter -->
<testsuite hostname="DESKTOP-V4GQ2UC" ignored="0" name="Chrome1" tests="3" failures="0" timestamp="12 Jun 2019 03:09:23 GMT" time="26.879" errors="0">
  <testcase name="openBrowser" time="11.192" classname="module6.Scenario3"/>
  <testcase name="login_TestCase" time="12.947" classname="module6.Scenario3"/>
  <testcase name="closeBrowser" time="2.62" classname="module6.Scenario3"/>
</testsuite> <!-- Chrome1 -->
