<?xml version="1.0" encoding="UTF-8"?>
<!-- Generated by org.testng.reporters.JUnitXMLReporter -->
<testsuite hostname="DESKTOP-V4GQ2UC" ignored="0" name="Parameter Test" tests="3" failures="0" timestamp="12 Jun 2019 02:19:24 GMT" time="35.844" errors="0">
  <testcase name="openBrowser" time="18.818" classname="module6.Scenario3"/>
  <testcase name="login_TestCase" time="13.954" classname="module6.Scenario3"/>
  <testcase name="closeBrowser" time="2.859" classname="module6.Scenario3"/>
</testsuite> <!-- Parameter Test -->
