<?xml version="1.0" encoding="UTF-8"?>
<!-- Generated by org.testng.reporters.JUnitXMLReporter -->
<testsuite hostname="DESKTOP-V4GQ2UC" ignored="0" name="Chrome1" tests="3" failures="0" timestamp="12 Jun 2019 02:53:48 GMT" time="16.593" errors="0">
  <testcase name="openBrowser" time="8.022" classname="module6.Scenario3"/>
  <testcase name="login_TestCase" time="6.685" classname="module6.Scenario3"/>
  <testcase name="closeBrowser" time="1.809" classname="module6.Scenario3"/>
</testsuite> <!-- Chrome1 -->
