<?xml version="1.0" encoding="UTF-8"?>
<!-- Generated by org.testng.reporters.JUnitXMLReporter -->
<testsuite hostname="DESKTOP-V4GQ2UC" ignored="0" name="Firefox" tests="3" failures="0" timestamp="12 Jun 2019 02:54:13 GMT" time="24.876" errors="0">
  <testcase name="openBrowser" time="15.586" classname="module6.Scenario3"/>
  <testcase name="login_TestCase" time="6.303" classname="module6.Scenario3"/>
  <testcase name="closeBrowser" time="2.972" classname="module6.Scenario3"/>
</testsuite> <!-- Firefox -->
