<?xml version="1.0" encoding="UTF-8"?>
<testng-results skipped="0" failed="0" ignored="0" total="4" passed="4">
  <reporter-output>
  </reporter-output>
  <suite name="ParallelTesting" duration-ms="26879" started-at="2019-06-12T03:08:56Z" finished-at="2019-06-12T03:09:23Z">
    <groups>
    </groups>
    <test name="Chrome2" duration-ms="19325" started-at="2019-06-12T03:08:56Z" finished-at="2019-06-12T03:09:15Z">
      <class name="module6.NewTest">
        <test-method status="PASS" signature="OpenBrowser()[pri:0, instance:module6.NewTest@46daef40]" name="OpenBrowser" is-config="true" duration-ms="5019" started-at="2019-06-12T03:08:51Z" finished-at="2019-06-12T03:08:56Z">
          <reporter-output>
          </reporter-output>
        </test-method> <!-- OpenBrowser -->
        <test-method status="PASS" signature="OpenAUT()[pri:0, instance:module6.NewTest@46daef40]" name="OpenAUT" is-config="true" duration-ms="2504" started-at="2019-06-12T03:08:56Z" finished-at="2019-06-12T03:08:59Z">
          <reporter-output>
          </reporter-output>
        </test-method> <!-- OpenAUT -->
        <test-method status="PASS" signature="TestLogin()[pri:0, instance:module6.NewTest@46daef40]" name="TestLogin" duration-ms="11592" started-at="2019-06-12T03:08:59Z" finished-at="2019-06-12T03:09:10Z">
          <reporter-output>
          </reporter-output>
        </test-method> <!-- TestLogin -->
        <test-method status="PASS" signature="Logout()[pri:0, instance:module6.NewTest@46daef40]" name="Logout" is-config="true" duration-ms="5198" started-at="2019-06-12T03:09:10Z" finished-at="2019-06-12T03:09:15Z">
          <reporter-output>
          </reporter-output>
        </test-method> <!-- Logout -->
        <test-method status="PASS" signature="CloseBrowser()[pri:0, instance:module6.NewTest@46daef40]" name="CloseBrowser" is-config="true" duration-ms="1390" started-at="2019-06-12T03:09:23Z" finished-at="2019-06-12T03:09:24Z">
          <reporter-output>
          </reporter-output>
        </test-method> <!-- CloseBrowser -->
      </class> <!-- module6.NewTest -->
    </test> <!-- Chrome2 -->
    <test name="Chrome1" duration-ms="26879" started-at="2019-06-12T03:08:56Z" finished-at="2019-06-12T03:09:23Z">
      <class name="module6.Scenario3">
        <test-method status="PASS" signature="openBrowser(java.lang.String)[pri:0, instance:module6.Scenario3@3dfc5fb8]" name="openBrowser" duration-ms="11192" started-at="2019-06-12T03:08:56Z" finished-at="2019-06-12T03:09:07Z">
          <params>
            <param index="0">
              <value>
                <![CDATA[Chrome]]>
              </value>
            </param>
          </params>
          <reporter-output>
          </reporter-output>
        </test-method> <!-- openBrowser -->
        <test-method status="PASS" signature="login_TestCase()[pri:1, instance:module6.Scenario3@3dfc5fb8]" name="login_TestCase" duration-ms="12947" started-at="2019-06-12T03:09:07Z" finished-at="2019-06-12T03:09:20Z">
          <reporter-output>
          </reporter-output>
        </test-method> <!-- login_TestCase -->
        <test-method status="PASS" signature="closeBrowser()[pri:3, instance:module6.Scenario3@3dfc5fb8]" name="closeBrowser" duration-ms="2620" started-at="2019-06-12T03:09:20Z" finished-at="2019-06-12T03:09:23Z">
          <reporter-output>
          </reporter-output>
        </test-method> <!-- closeBrowser -->
      </class> <!-- module6.Scenario3 -->
    </test> <!-- Chrome1 -->
  </suite> <!-- ParallelTesting -->
</testng-results>
